<?xml version="1.0" encoding="UTF-8"?>
<!-- Generated by org.testng.reporters.JUnitReportReporter -->
<testsuite skipped="0" hostname="vijay-pc" name="com.script.actitime.Script1" tests="1" failures="0" timestamp="22 Oct 2017 06:18:55 GMT" time="41.860" errors="0">
  <testcase name="validLogin" time="41.860" classname="com.script.actitime.Script1"/>
</testsuite> <!-- com.script.actitime.Script1 -->
